Fichier lock present
Fichier lock present
Fichier lock present
Fichier lock present
Fichier lock present
Fichier lock present
simu00_20170704_193146_fla.fts
simu00_20170704_193338_fp0.fts
simu00_20170704_193344_bia.fts
1
one finish
['/home/main/Documents/DRS/Brut/simu00_20170704_193146_fla.fts']
['/home/main/Documents/DRS/FILES/Narval_20170704_193344_10b.fts']
one finish
one finish
Fichier lock present
['/home/main/Documents/DRS/FILES/Narval_20170704_193146_10f.fts']
[[  56   87  118  149  180  211  241  276  307  343  377  412  450  488
   519  558  605  650  690  735  781  825  882  919  966 1033 1084 1148
  1213 1263 1333 1387 1456 1527 1601 1641 1728 1819 1905 1980 2055]]
OK
ref done
down done
up done
0
OK
ref done
down done
up done
1
OK
ref done
down done
up done
2
OK
ref done
down done
up done
3
OK
ref done
down done
up done
4
OK
ref done
down done
up done
5
OK
ref done
down done
up done
6
OK
ref done
down done
up done
7
OK
ref done
down done
up done
8
OK
ref done
down done
up done
9
OK
ref done
down done
up done
10
OK
ref done
down done
up done
11
OK
ref done
down done
up done
12
OK
ref done
down done
up done
13
OK
ref done
down done
up done
14
OK
ref done
down done
up done
15
OK
ref done
down done
up done
16
OK
ref done
down done
up done
17
OK
ref done
down done
up done
18
OK
ref done
down done
up done
19
OK
ref done
down done
up done
20
OK
ref done
down done
up done
21
OK
ref done
down done
up done
22
OK
ref done
down done
up done
23
OK
ref done
down done
up done
24
OK
ref done
down done
up done
25
OK
ref done
down done
up done
26
OK
ref done
down done
up done
27
OK
ref done
down done
up done
28
OK
ref done
down done
up done
29
OK
ref done
down done
up done
30
OK
ref done
down done
up done
31
OK
ref done
down done
up done
32
OK
ref done
down done
up done
33
OK
ref done
down done
up done
34
OK
ref done
down done
up done
fin
35
OK
ref done
down done
up done
fin
36
OK
ref done
down done
up done
fin
37
OK
ref done
down done
up done
fin
38
OK
ref done
down done
up done
fin
39
0
(0, 61, 86)
1
(1, 92, 116)
2
(2, 122, 147)
3
(3, 153, 177)
4
(4, 184, 208)
5
(5, 215, 240)
6
(6, 247, 272)
7
(7, 279, 304)
8
(8, 312, 337)
9
(9, 346, 371)
10
(10, 381, 406)
11
(11, 417, 442)
12
(12, 454, 479)
13
(13, 492, 516)
14
(14, 530, 555)
15
(15, 570, 595)
16
(16, 612, 636)
17
(17, 654, 679)
18
(18, 698, 722)
19
(19, 743, 767)
20
(20, 789, 814)
21
(21, 837, 862)
22
(22, 886, 911)
23
(23, 937, 962)
24
(24, 990, 1014)
25
(25, 1044, 1068)
26
(26, 1099, 1124)
27
(27, 1157, 1182)
28
(28, 1216, 1241)
29
(29, 1278, 1302)
30
(30, 1341, 1365)
31
(31, 1406, 1431)
32
(32, 1474, 1498)
33
(33, 1543, 1568)
34
(34, 1615, 1640)
35
(35, 1690, 1714)
36
(36, 1767, 1792)
37
(37, 1847, 1871)
38
(38, 1929, 1954)
39
(39, 2015, 2039)
Ordre n°0 - Voie n°1
Ordre n°0 - Voie n°2
Ordre n°10 - Voie n°1
Ordre n°10 - Voie n°2
Ordre n°20 - Voie n°1
Ordre n°20 - Voie n°2
Ordre n°30 - Voie n°1
Ordre n°30 - Voie n°2
Ordre n°4 - Voie n°1
Ordre n°4 - Voie n°2
Ordre n°14 - Voie n°1
Ordre n°14 - Voie n°2
Ordre n°22 - Voie n°1
Ordre n°22 - Voie n°2
Ordre n°33 - Voie n°1
Ordre n°33 - Voie n°2
Ordre n°2 - Voie n°1
Ordre n°2 - Voie n°2
Ordre n°11 - Voie n°1
Ordre n°11 - Voie n°2
Ordre n°21 - Voie n°1
Ordre n°21 - Voie n°2
Ordre n°32 - Voie n°1
Ordre n°32 - Voie n°2
Ordre n°3 - Voie n°1
Ordre n°3 - Voie n°2
Ordre n°13 - Voie n°1
Ordre n°13 - Voie n°2
Ordre n°24 - Voie n°1
Ordre n°24 - Voie n°2
Ordre n°34 - Voie n°1
Ordre n°34 - Voie n°2
Ordre n°1 - Voie n°1
Ordre n°1 - Voie n°2
Ordre n°12 - Voie n°1
Ordre n°12 - Voie n°2
Ordre n°23 - Voie n°1
Ordre n°23 - Voie n°2
Ordre n°31 - Voie n°1
Ordre n°31 - Voie n°2
Ordre n°9 - Voie n°1
Ordre n°9 - Voie n°2
Ordre n°19 - Voie n°1
Ordre n°19 - Voie n°2
Ordre n°29 - Voie n°1
Ordre n°29 - Voie n°2
Ordre n°39 - Voie n°1
Ordre n°39 - Voie n°2
Ordre n°7 - Voie n°1
Ordre n°7 - Voie n°2
Ordre n°17 - Voie n°1
Ordre n°17 - Voie n°2
Ordre n°27 - Voie n°1
Ordre n°27 - Voie n°2
Ordre n°38 - Voie n°1
Ordre n°38 - Voie n°2
Ordre n°6 - Voie n°1
Ordre n°6 - Voie n°2
Ordre n°15 - Voie n°1
Ordre n°15 - Voie n°2
Ordre n°25 - Voie n°1
Ordre n°25 - Voie n°2
Ordre n°35 - Voie n°1
Ordre n°35 - Voie n°2
Ordre n°5 - Voie n°1
Ordre n°5 - Voie n°2
Ordre n°16 - Voie n°1
Ordre n°16 - Voie n°2
Ordre n°26 - Voie n°1
Ordre n°26 - Voie n°2
Ordre n°36 - Voie n°1
Ordre n°36 - Voie n°2
Ordre n°8 - Voie n°1
Ordre n°8 - Voie n°2
Ordre n°18 - Voie n°1
Ordre n°18 - Voie n°2
Ordre n°28 - Voie n°1
Ordre n°28 - Voie n°2
Ordre n°37 - Voie n°1
Ordre n°37 - Voie n°2
1
2
3
Fichier lock present
4
5
6
7
8
9
10
11
12
13
14
15
16
Fichier lock present
17
18
19
20
21
22
23
24
25
26
27
Fichier lock present
28
29
30
31
32
33
34
35
36
37
Fichier lock present
38
39
40
41
42
43
44
45
46
Fichier lock present
47
48
49
50
51
52
53
Fichier lock present
54
55
56
57
58
59
60
Fichier lock present
61
62
63
64
65
66
Fichier lock present
67
68
69
70
71
72
Fichier lock present
73
74
75
76
77
78
Fichier lock present
79
80
reussi
Fichier lock present
Fichier lock present
Fichier lock present
Fichier lock present
Fichier lock present
Fichier lock present
simu00_20170704_210154_st0.fts
Fichier lock present
Fichier lock present
Fichier lock present
Fichier lock present
Fichier lock present
Fichier lock present
Fichier lock present
Fichier lock present
Fichier lock present
Fichier lock present
Fichier lock present
Fichier lock present
Fichier lock present
Fichier lock present
Fichier lock present
Fichier lock present
Fichier lock present
Fichier lock present
Fichier lock present
Fichier lock present
Fichier lock present
Fichier lock present
Fichier lock present
Fichier lock present
simu00_20170704_230154_st0.fts
Fichier lock present
Fichier lock present
Fichier lock present
Fichier lock present
Fichier lock present
Fichier lock present
Fichier lock present
Fichier lock present
Fichier lock present
Fichier lock present
Fichier lock present
Fichier lock present
Fichier lock present
Fichier lock present
Fichier lock present
Fichier lock present
Fichier lock present
Fichier lock present
Fichier lock present
Fichier lock present
Fichier lock present
Fichier lock present
Fichier lock present
Fichier lock present
simu00_20170705_010201_st0.fts
Fichier lock present
Fichier lock present
Fichier lock present
Fichier lock present
Fichier lock present
Fichier lock present
Fichier lock present
Fichier lock present
Fichier lock present
Fichier lock present
Fichier lock present
Fichier lock present
simu00_20170705_020147_fla.fts
simu00_20170705_020338_fp0.fts
simu00_20170705_020344_bia.fts
1
one finish
['/home/main/Documents/DRS/Brut/simu00_20170705_020147_fla.fts']
['/home/main/Documents/DRS/FILES/Narval_20170705_020344_10b.fts']
one finish
one finish
Fichier lock present
['/home/main/Documents/DRS/FILES/Narval_20170705_020147_10f.fts']
[[  57   88  118  149  179  210  242  274  305  343  374  410  448  486
   520  562  598  645  686  739  769  816  873  922  977 1019 1070 1139
  1202 1261 1331 1387 1450 1512 1597 1661 1729 1819 1903 1976 2064]]
OK
ref done
down done
up done
0
OK
ref done
down done
up done
1
OK
ref done
down done
up done
2
OK
ref done
down done
up done
3
OK
ref done
down done
up done
4
OK
ref done
down done
up done
5
OK
ref done
down done
up done
6
OK
ref done
down done
up done
7
OK
ref done
down done
up done
8
OK
ref done
down done
up done
9
OK
ref done
down done
up done
10
OK
ref done
down done
up done
11
OK
ref done
down done
up done
12
OK
ref done
down done
up done
13
OK
ref done
down done
up done
14
OK
ref done
down done
up done
15
OK
ref done
down done
up done
16
OK
ref done
down done
up done
17
OK
ref done
down done
up done
18
OK
ref done
down done
up done
19
OK
ref done
down done
up done
20
OK
ref done
down done
up done
21
OK
ref done
down done
up done
22
OK
ref done
down done
up done
23
OK
ref done
down done
up done
24
OK
ref done
down done
up done
25
OK
ref done
down done
up done
26
OK
ref done
down done
up done
27
OK
ref done
down done
up done
28
OK
ref done
down done
up done
29
OK
ref done
down done
up done
30
OK
ref done
down done
up done
31
OK
ref done
down done
up done
32
OK
ref done
down done
up done
33
OK
ref done
down done
up done
34
OK
ref done
down done
up done
fin
35
OK
ref done
down done
up done
fin
36
OK
ref done
down done
up done
fin
37
OK
ref done
down done
up done
fin
38
OK
ref done
down done
up done
fin
39
0
(0, 61, 86)
1
(1, 92, 116)
2
(2, 122, 147)
3
(3, 153, 177)
4
(4, 184, 208)
5
(5, 215, 240)
6
(6, 247, 272)
7
(7, 279, 304)
8
(8, 312, 337)
9
(9, 346, 371)
10
(10, 381, 406)
11
(11, 417, 442)
12
(12, 454, 479)
13
(13, 492, 516)
14
(14, 530, 555)
15
(15, 570, 595)
16
(16, 612, 636)
17
(17, 654, 679)
18
(18, 698, 722)
19
(19, 743, 767)
20
(20, 789, 814)
21
(21, 837, 862)
22
(22, 886, 911)
23
(23, 937, 962)
24
(24, 990, 1014)
25
(25, 1044, 1068)
26
(26, 1099, 1124)
27
(27, 1157, 1182)
28
(28, 1216, 1241)
29
(29, 1278, 1302)
30
(30, 1341, 1365)
31
(31, 1406, 1431)
32
(32, 1474, 1498)
33
(33, 1543, 1568)
34
(34, 1615, 1640)
35
(35, 1690, 1714)
36
(36, 1767, 1792)
37
(37, 1847, 1871)
38
(38, 1929, 1954)
39
(39, 2015, 2039)
Ordre n°1 - Voie n°1
Ordre n°1 - Voie n°2
Ordre n°10 - Voie n°1
Ordre n°10 - Voie n°2
Ordre n°20 - Voie n°1
Ordre n°20 - Voie n°2
Ordre n°30 - Voie n°1
Ordre n°30 - Voie n°2
Ordre n°7 - Voie n°1
Ordre n°7 - Voie n°2
Ordre n°18 - Voie n°1
Ordre n°18 - Voie n°2
Ordre n°29 - Voie n°1
Ordre n°29 - Voie n°2
Ordre n°39 - Voie n°1
Ordre n°39 - Voie n°2
Ordre n°2 - Voie n°1
Ordre n°2 - Voie n°2
Ordre n°12 - Voie n°1
Ordre n°12 - Voie n°2
Ordre n°22 - Voie n°1
Ordre n°22 - Voie n°2
Ordre n°31 - Voie n°1
Ordre n°31 - Voie n°2
Ordre n°0 - Voie n°1
Ordre n°0 - Voie n°2
Ordre n°11 - Voie n°1
Ordre n°11 - Voie n°2
Ordre n°21 - Voie n°1
Ordre n°21 - Voie n°2
Ordre n°32 - Voie n°1
Ordre n°32 - Voie n°2
Ordre n°3 - Voie n°1
Ordre n°3 - Voie n°2
Ordre n°13 - Voie n°1
Ordre n°13 - Voie n°2
Ordre n°23 - Voie n°1
Ordre n°23 - Voie n°2
Ordre n°33 - Voie n°1
Ordre n°33 - Voie n°2
Ordre n°6 - Voie n°1
Ordre n°6 - Voie n°2
Ordre n°14 - Voie n°1
Ordre n°14 - Voie n°2
Ordre n°25 - Voie n°1
Ordre n°25 - Voie n°2
Ordre n°35 - Voie n°1
Ordre n°35 - Voie n°2
Ordre n°4 - Voie n°1
Ordre n°4 - Voie n°2
Ordre n°16 - Voie n°1
Ordre n°16 - Voie n°2
Ordre n°27 - Voie n°1
Ordre n°27 - Voie n°2
Ordre n°38 - Voie n°1
Ordre n°38 - Voie n°2
Ordre n°8 - Voie n°1
Ordre n°8 - Voie n°2
Ordre n°19 - Voie n°1
Ordre n°19 - Voie n°2
Ordre n°28 - Voie n°1
Ordre n°28 - Voie n°2
Ordre n°37 - Voie n°1
Ordre n°37 - Voie n°2
Ordre n°9 - Voie n°1
Ordre n°9 - Voie n°2
Ordre n°17 - Voie n°1
Ordre n°17 - Voie n°2
Ordre n°26 - Voie n°1
Ordre n°26 - Voie n°2
Ordre n°36 - Voie n°1
Ordre n°36 - Voie n°2
1
2
3
4
5
6
Fichier lock present
7
8
9
10
11
12
13
14
15
16
17
18
Fichier lock present
19
20
21
22
23
24
25
26
27
28
29
Fichier lock present
30
31
32
33
34
35
36
37
38
39
Fichier lock present
40
41
42
43
44
45
46
47
Fichier lock present
48
49
50
51
52
53
54
Fichier lock present
55
56
57
58
59
60
61
Fichier lock present
62
63
64
65
66
67
Fichier lock present
68
69
70
71
72
73
Fichier lock present
74
75
76
77
78
79
Fichier lock present
80
reussi
Fichier lock present
Fichier lock present
Fichier lock present
Fichier lock present
Fichier lock present
Fichier lock present
Fichier lock present
Fichier lock present
Fichier lock present
Fichier lock present
Fichier lock present
simu00_20170705_075330_st0.fts
