(82, 4612)
22
23
24
40
41
42
55
56
57
25
26
27
43
44
45
52
53
54
28
29
30
34
35
36
49
50
51
61
31
32
33
37
38
39
46
47
48
58
59
60
Calculs termines
Somme terminee
maximum = 24001.658447, minimum = 362.000000
ecriture fits terminee
Termine ! Temps d'exécutions : 37.428972 s
(82, 4612)
25
26
27
40
41
42
55
56
57
31
32
33
43
44
45
52
53
54
Calculs termines
Somme terminee
maximum = 24001.658447, minimum = 362.000000
ecriture fits terminee
Termine ! Temps d'exécutions : 40.110642 s
(82, 4612)
31
32
33
43
44
45
52
53
54
28
29
30
37
38
39
46
47
48
58
59
60
25
26
27
34
35
36
49
50
51
61
Calculs termines
Somme terminee
maximum = 24001.658447, minimum = 362.000000
ecriture fits terminee
Termine ! Temps d'exécutions : 44.744500 s
