Fichier lock present
Fichier lock present
Fichier lock present
Fichier lock present
Fichier lock present
Fichier lock present
simu00_20170704_193146_fla.fts
simu00_20170704_193338_fp0.fts
simu00_20170704_193344_bia.fts
simu00_20170704_193349_th0.fts
Fichier lock present
Fichier lock present
Fichier lock present
Fichier lock present
Fichier lock present
Fichier lock present
Fichier lock present
Fichier lock present
Fichier lock present
Fichier lock present
Fichier lock present
Fichier lock present
Fichier lock present
Fichier lock present
Fichier lock present
Fichier lock present
Fichier lock present
Fichier lock present
simu00_20170704_210154_st0.fts
one finish
0
0
0
0
0
0
0
0
0
0
0
0
0
0
0
0
0
0
0
0
0
0
0
0
0
0
0
0
0
0
0
0
0
0
0
0
0
0
0
0
0
0
0
0
0
0
0
0
0
0
0
0
0
0
0
0
0
0
0
0
0
0
0
0
0
0
0
0
0
0
0
0
0
0
0
0
0
0
0
0
Fichier lock present
Fichier lock present
Fichier lock present
Fichier lock present
Fichier lock present
Fichier lock present
Fichier lock present
Fichier lock present
Fichier lock present
Fichier lock present
Fichier lock present
Fichier lock present
Fichier lock present
Fichier lock present
Fichier lock present
Fichier lock present
Fichier lock present
Fichier lock present
Fichier lock present
Fichier lock present
Fichier lock present
Fichier lock present
Fichier lock present
simu00_20170704_230154_st0.fts
one finish
one finish
0
0
0
0
0
0
0
0
0
0
0
0
0
0
0
0
0
0
0
0
0
0
0
0
0
0
0
0
0
0
0
0
0
0
0
0
0
0
0
0
0
0
0
0
0
0
0
0
0
0
0
0
0
0
0
0
0
0
0
0
0
0
0
0
0
0
0
0
0
0
0
0
0
0
0
0
0
0
0
0
Fichier lock present
Fichier lock present
Fichier lock present
Fichier lock present
Fichier lock present
Fichier lock present
Fichier lock present
Fichier lock present
Fichier lock present
Fichier lock present
Fichier lock present
Fichier lock present
Fichier lock present
Fichier lock present
Fichier lock present
Fichier lock present
Fichier lock present
Fichier lock present
Fichier lock present
Fichier lock present
Fichier lock present
Fichier lock present
Fichier lock present
simu00_20170705_010201_st0.fts
one finish
one finish
one finish
0
0
0
0
0
0
0
0
0
0
0
0
0
0
0
0
0
0
0
0
0
0
0
0
0
0
0
0
0
0
0
0
0
0
0
0
0
0
0
0
0
0
0
0
0
0
0
0
0
0
0
0
0
0
0
0
0
0
0
0
0
0
0
0
0
0
0
0
0
0
0
0
0
0
0
0
0
0
0
0
Fichier lock present
Fichier lock present
Fichier lock present
Fichier lock present
Fichier lock present
Fichier lock present
Fichier lock present
Fichier lock present
Fichier lock present
Fichier lock present
Fichier lock present
simu00_20170705_020147_fla.fts
simu00_20170705_020338_fp0.fts
simu00_20170705_020344_bia.fts
simu00_20170705_020349_th0.fts
Fichier lock present
Fichier lock present
Fichier lock present
Fichier lock present
Fichier lock present
Fichier lock present
Fichier lock present
Fichier lock present
Fichier lock present
Fichier lock present
Fichier lock present
Fichier lock present
Fichier lock present
Fichier lock present
Fichier lock present
Fichier lock present
Fichier lock present
Fichier lock present
Fichier lock present
Fichier lock present
Fichier lock present
Fichier lock present
Fichier lock present
simu00_20170705_075330_st0.fts
one finish
ERROR : Parametre Lane thickness file non existant
ERROR : Parametre Lane envelope file non existant
ERROR : Parametre Test fts file non existant
ERROR : Parametre Order n° non existant
0
ERROR : Parametre Lane thickness file non existant
ERROR : Parametre Lane envelope file non existant
ERROR : Parametre Test fts file non existant
ERROR : Parametre Order n° non existant
0
ERROR : Parametre Lane thickness file non existant
ERROR : Parametre Lane envelope file non existant
ERROR : Parametre Test fts file non existant
ERROR : Parametre Order n° non existant
0
ERROR : Parametre Lane thickness file non existant
ERROR : Parametre Lane envelope file non existant
ERROR : Parametre Test fts file non existant
ERROR : Parametre Order n° non existant
0
ERROR : Parametre Lane thickness file non existant
ERROR : Parametre Lane envelope file non existant
ERROR : Parametre Test fts file non existant
ERROR : Parametre Order n° non existant
0
ERROR : Parametre Lane thickness file non existant
ERROR : Parametre Lane envelope file non existant
ERROR : Parametre Test fts file non existant
ERROR : Parametre Order n° non existant
0
ERROR : Parametre Lane thickness file non existant
ERROR : Parametre Lane envelope file non existant
ERROR : Parametre Test fts file non existant
ERROR : Parametre Order n° non existant
0
ERROR : Parametre Lane thickness file non existant
ERROR : Parametre Lane envelope file non existant
ERROR : Parametre Test fts file non existant
ERROR : Parametre Order n° non existant
0
ERROR : Parametre Lane thickness file non existant
ERROR : Parametre Lane envelope file non existant
ERROR : Parametre Test fts file non existant
ERROR : Parametre Order n° non existant
0
ERROR : Parametre Lane thickness file non existant
ERROR : Parametre Lane envelope file non existant
ERROR : Parametre Test fts file non existant
ERROR : Parametre Order n° non existant
0
ERROR : Parametre Lane thickness file non existant
ERROR : Parametre Lane envelope file non existant
ERROR : Parametre Test fts file non existant
ERROR : Parametre Order n° non existant
0
ERROR : Parametre Lane thickness file non existant
ERROR : Parametre Lane envelope file non existant
ERROR : Parametre Test fts file non existant
ERROR : Parametre Order n° non existant
0
ERROR : Parametre Lane thickness file non existant
ERROR : Parametre Lane envelope file non existant
ERROR : Parametre Test fts file non existant
ERROR : Parametre Order n° non existant
0
ERROR : Parametre Lane thickness file non existant
ERROR : Parametre Lane envelope file non existant
ERROR : Parametre Test fts file non existant
ERROR : Parametre Order n° non existant
0
ERROR : Parametre Lane thickness file non existant
ERROR : Parametre Lane envelope file non existant
ERROR : Parametre Test fts file non existant
ERROR : Parametre Order n° non existant
0
ERROR : Parametre Lane thickness file non existant
ERROR : Parametre Lane envelope file non existant
ERROR : Parametre Test fts file non existant
ERROR : Parametre Order n° non existant
0
ERROR : Parametre Lane thickness file non existant
ERROR : Parametre Lane envelope file non existant
ERROR : Parametre Test fts file non existant
ERROR : Parametre Order n° non existant
0
ERROR : Parametre Lane thickness file non existant
ERROR : Parametre Lane envelope file non existant
ERROR : Parametre Test fts file non existant
ERROR : Parametre Order n° non existant
0
ERROR : Parametre Lane thickness file non existant
ERROR : Parametre Lane envelope file non existant
ERROR : Parametre Test fts file non existant
ERROR : Parametre Order n° non existant
0
ERROR : Parametre Lane thickness file non existant
ERROR : Parametre Lane envelope file non existant
ERROR : Parametre Test fts file non existant
ERROR : Parametre Order n° non existant
0
ERROR : Parametre Lane thickness file non existant
ERROR : Parametre Lane envelope file non existant
ERROR : Parametre Test fts file non existant
ERROR : Parametre Order n° non existant
0
ERROR : Parametre Lane thickness file non existant
ERROR : Parametre Lane envelope file non existant
ERROR : Parametre Test fts file non existant
ERROR : Parametre Order n° non existant
0
ERROR : Parametre Lane thickness file non existant
ERROR : Parametre Lane envelope file non existant
ERROR : Parametre Test fts file non existant
ERROR : Parametre Order n° non existant
0
ERROR : Parametre Lane thickness file non existant
ERROR : Parametre Lane envelope file non existant
ERROR : Parametre Test fts file non existant
ERROR : Parametre Order n° non existant
0
ERROR : Parametre Lane thickness file non existant
ERROR : Parametre Lane envelope file non existant
ERROR : Parametre Test fts file non existant
ERROR : Parametre Order n° non existant
0
ERROR : Parametre Lane thickness file non existant
ERROR : Parametre Lane envelope file non existant
ERROR : Parametre Test fts file non existant
ERROR : Parametre Order n° non existant
0
ERROR : Parametre Lane thickness file non existant
ERROR : Parametre Lane envelope file non existant
ERROR : Parametre Test fts file non existant
ERROR : Parametre Order n° non existant
0
ERROR : Parametre Lane thickness file non existant
ERROR : Parametre Lane envelope file non existant
ERROR : Parametre Test fts file non existant
ERROR : Parametre Order n° non existant
0
ERROR : Parametre Lane thickness file non existant
ERROR : Parametre Lane envelope file non existant
ERROR : Parametre Test fts file non existant
ERROR : Parametre Order n° non existant
0
ERROR : Parametre Lane thickness file non existant
ERROR : Parametre Lane envelope file non existant
ERROR : Parametre Test fts file non existant
ERROR : Parametre Order n° non existant
0
ERROR : Parametre Lane thickness file non existant
ERROR : Parametre Lane envelope file non existant
ERROR : Parametre Test fts file non existant
ERROR : Parametre Order n° non existant
0
ERROR : Parametre Lane thickness file non existant
ERROR : Parametre Lane envelope file non existant
ERROR : Parametre Test fts file non existant
ERROR : Parametre Order n° non existant
0
ERROR : Parametre Lane thickness file non existant
ERROR : Parametre Lane envelope file non existant
ERROR : Parametre Test fts file non existant
ERROR : Parametre Order n° non existant
0
ERROR : Parametre Lane thickness file non existant
ERROR : Parametre Lane envelope file non existant
ERROR : Parametre Test fts file non existant
ERROR : Parametre Order n° non existant
0
ERROR : Parametre Lane thickness file non existant
ERROR : Parametre Lane envelope file non existant
ERROR : Parametre Test fts file non existant
ERROR : Parametre Order n° non existant
0
ERROR : Parametre Lane thickness file non existant
ERROR : Parametre Lane envelope file non existant
ERROR : Parametre Test fts file non existant
ERROR : Parametre Order n° non existant
0
ERROR : Parametre Lane thickness file non existant
ERROR : Parametre Lane envelope file non existant
ERROR : Parametre Test fts file non existant
ERROR : Parametre Order n° non existant
0
ERROR : Parametre Lane thickness file non existant
ERROR : Parametre Lane envelope file non existant
ERROR : Parametre Test fts file non existant
ERROR : Parametre Order n° non existant
0
ERROR : Parametre Lane thickness file non existant
ERROR : Parametre Lane envelope file non existant
ERROR : Parametre Test fts file non existant
ERROR : Parametre Order n° non existant
0
ERROR : Parametre Lane thickness file non existant
ERROR : Parametre Lane envelope file non existant
ERROR : Parametre Test fts file non existant
ERROR : Parametre Order n° non existant
0
ERROR : Parametre Lane thickness file non existant
ERROR : Parametre Lane envelope file non existant
ERROR : Parametre Test fts file non existant
ERROR : Parametre Order n° non existant
0
ERROR : Parametre Lane thickness file non existant
ERROR : Parametre Lane envelope file non existant
ERROR : Parametre Test fts file non existant
ERROR : Parametre Order n° non existant
0
ERROR : Parametre Lane thickness file non existant
ERROR : Parametre Lane envelope file non existant
ERROR : Parametre Test fts file non existant
ERROR : Parametre Order n° non existant
0
ERROR : Parametre Lane thickness file non existant
ERROR : Parametre Lane envelope file non existant
ERROR : Parametre Test fts file non existant
ERROR : Parametre Order n° non existant
0
ERROR : Parametre Lane thickness file non existant
ERROR : Parametre Lane envelope file non existant
ERROR : Parametre Test fts file non existant
ERROR : Parametre Order n° non existant
0
ERROR : Parametre Lane thickness file non existant
ERROR : Parametre Lane envelope file non existant
ERROR : Parametre Test fts file non existant
ERROR : Parametre Order n° non existant
0
ERROR : Parametre Lane thickness file non existant
ERROR : Parametre Lane envelope file non existant
ERROR : Parametre Test fts file non existant
ERROR : Parametre Order n° non existant
0
ERROR : Parametre Lane thickness file non existant
ERROR : Parametre Lane envelope file non existant
ERROR : Parametre Test fts file non existant
ERROR : Parametre Order n° non existant
0
ERROR : Parametre Lane thickness file non existant
ERROR : Parametre Lane envelope file non existant
ERROR : Parametre Test fts file non existant
ERROR : Parametre Order n° non existant
0
ERROR : Parametre Lane thickness file non existant
ERROR : Parametre Lane envelope file non existant
ERROR : Parametre Test fts file non existant
ERROR : Parametre Order n° non existant
0
ERROR : Parametre Lane thickness file non existant
ERROR : Parametre Lane envelope file non existant
ERROR : Parametre Test fts file non existant
ERROR : Parametre Order n° non existant
0
ERROR : Parametre Lane thickness file non existant
ERROR : Parametre Lane envelope file non existant
ERROR : Parametre Test fts file non existant
ERROR : Parametre Order n° non existant
0
ERROR : Parametre Lane thickness file non existant
ERROR : Parametre Lane envelope file non existant
ERROR : Parametre Test fts file non existant
ERROR : Parametre Order n° non existant
0
ERROR : Parametre Lane thickness file non existant
ERROR : Parametre Lane envelope file non existant
ERROR : Parametre Test fts file non existant
ERROR : Parametre Order n° non existant
0
ERROR : Parametre Lane thickness file non existant
ERROR : Parametre Lane envelope file non existant
ERROR : Parametre Test fts file non existant
ERROR : Parametre Order n° non existant
0
ERROR : Parametre Lane thickness file non existant
ERROR : Parametre Lane envelope file non existant
ERROR : Parametre Test fts file non existant
ERROR : Parametre Order n° non existant
0
ERROR : Parametre Lane thickness file non existant
ERROR : Parametre Lane envelope file non existant
ERROR : Parametre Test fts file non existant
ERROR : Parametre Order n° non existant
0
ERROR : Parametre Lane thickness file non existant
ERROR : Parametre Lane envelope file non existant
ERROR : Parametre Test fts file non existant
ERROR : Parametre Order n° non existant
0
ERROR : Parametre Lane thickness file non existant
ERROR : Parametre Lane envelope file non existant
ERROR : Parametre Test fts file non existant
ERROR : Parametre Order n° non existant
0
ERROR : Parametre Lane thickness file non existant
ERROR : Parametre Lane envelope file non existant
ERROR : Parametre Test fts file non existant
ERROR : Parametre Order n° non existant
0
ERROR : Parametre Lane thickness file non existant
ERROR : Parametre Lane envelope file non existant
ERROR : Parametre Test fts file non existant
ERROR : Parametre Order n° non existant
0
ERROR : Parametre Lane thickness file non existant
ERROR : Parametre Lane envelope file non existant
ERROR : Parametre Test fts file non existant
ERROR : Parametre Order n° non existant
0
ERROR : Parametre Lane thickness file non existant
ERROR : Parametre Lane envelope file non existant
ERROR : Parametre Test fts file non existant
ERROR : Parametre Order n° non existant
0
ERROR : Parametre Lane thickness file non existant
ERROR : Parametre Lane envelope file non existant
ERROR : Parametre Test fts file non existant
ERROR : Parametre Order n° non existant
0
ERROR : Parametre Lane thickness file non existant
ERROR : Parametre Lane envelope file non existant
ERROR : Parametre Test fts file non existant
ERROR : Parametre Order n° non existant
0
ERROR : Parametre Lane thickness file non existant
ERROR : Parametre Lane envelope file non existant
ERROR : Parametre Test fts file non existant
ERROR : Parametre Order n° non existant
0
ERROR : Parametre Lane thickness file non existant
ERROR : Parametre Lane envelope file non existant
ERROR : Parametre Test fts file non existant
ERROR : Parametre Order n° non existant
0
ERROR : Parametre Lane thickness file non existant
ERROR : Parametre Lane envelope file non existant
ERROR : Parametre Test fts file non existant
ERROR : Parametre Order n° non existant
0
ERROR : Parametre Lane thickness file non existant
ERROR : Parametre Lane envelope file non existant
ERROR : Parametre Test fts file non existant
ERROR : Parametre Order n° non existant
0
ERROR : Parametre Lane thickness file non existant
ERROR : Parametre Lane envelope file non existant
ERROR : Parametre Test fts file non existant
ERROR : Parametre Order n° non existant
0
ERROR : Parametre Lane thickness file non existant
ERROR : Parametre Lane envelope file non existant
ERROR : Parametre Test fts file non existant
ERROR : Parametre Order n° non existant
0
ERROR : Parametre Lane thickness file non existant
ERROR : Parametre Lane envelope file non existant
ERROR : Parametre Test fts file non existant
ERROR : Parametre Order n° non existant
0
ERROR : Parametre Lane thickness file non existant
ERROR : Parametre Lane envelope file non existant
ERROR : Parametre Test fts file non existant
ERROR : Parametre Order n° non existant
0
ERROR : Parametre Lane thickness file non existant
ERROR : Parametre Lane envelope file non existant
ERROR : Parametre Test fts file non existant
ERROR : Parametre Order n° non existant
0
ERROR : Parametre Lane thickness file non existant
ERROR : Parametre Lane envelope file non existant
ERROR : Parametre Test fts file non existant
ERROR : Parametre Order n° non existant
0
ERROR : Parametre Lane thickness file non existant
ERROR : Parametre Lane envelope file non existant
ERROR : Parametre Test fts file non existant
ERROR : Parametre Order n° non existant
0
ERROR : Parametre Lane thickness file non existant
ERROR : Parametre Lane envelope file non existant
ERROR : Parametre Test fts file non existant
ERROR : Parametre Order n° non existant
0
ERROR : Parametre Lane thickness file non existant
ERROR : Parametre Lane envelope file non existant
ERROR : Parametre Test fts file non existant
ERROR : Parametre Order n° non existant
0
ERROR : Parametre Lane thickness file non existant
ERROR : Parametre Lane envelope file non existant
ERROR : Parametre Test fts file non existant
ERROR : Parametre Order n° non existant
0
ERROR : Parametre Lane thickness file non existant
ERROR : Parametre Lane envelope file non existant
ERROR : Parametre Test fts file non existant
ERROR : Parametre Order n° non existant
0
