(82, 4612)
22
23
24
37
38
39
52
53
54
25
26
27
43
44
45
55
56
57
31
32
33
40
41
42
49
50
51
61
Calculs termines
Somme terminee
maximum = 13620.981053, minimum = 362.000000
ecriture fits terminee
Termine ! Temps d'exécutions : 35.167352 s
(82, 4612)
31
32
33
43
44
45
55
56
57
Calculs termines
Somme terminee
maximum = 12085.906365, minimum = 362.000000
ecriture fits terminee
Termine ! Temps d'exécutions : 35.558271 s
(82, 4612)
31
32
33
37
38
39
52
53
54
Calculs termines
Somme terminee
maximum = 13620.981053, minimum = 362.000000
ecriture fits terminee
Termine ! Temps d'exécutions : 35.469645 s
(82, 4612)
Calculs termines
Somme terminee
maximum = 12085.906365, minimum = 362.000000
ecriture fits terminee
Termine ! Temps d'exécutions : 35.147675 s
