one finish
one finish
..\/TEMP
/home/main/Documents/DRS/FILES/Narval_20170707_094158_st1.fts
(28.032776, 23683.801)
(4531, 147584)
32
1 spectres faits
/home/main/Documents/DRS/FILES/Narval_20170707_094158_st1.fts
(28.032776, 23683.801)
(4557, 142972)
31
2 spectres faits
/home/main/Documents/DRS/FILES/Narval_20170707_094158_st1.fts
(28.032776, 23683.801)
(4532, 147584)
32
3 spectres faits
/home/main/Documents/DRS/FILES/Narval_20170707_094158_st1.fts
(28.032776, 23683.801)
(4511, 138360)
30
4 spectres faits
4 spectres faits
/home/main/Documents/DRS/FILES/Narval_20170707_094158_st1.fts
(28.032776, 23683.801)
(4554, 138360)
30
5 spectres faits
/home/main/Documents/DRS/FILES/Narval_20170707_094158_st1.fts
(28.032776, 23683.801)
(4531, 152196)
33
6 spectres faits
/home/main/Documents/DRS/FILES/Narval_20170707_094158_st1.fts
(28.032776, 23683.801)
(4543, 142972)
31
